-bash: /home/sherif/bottele/.venv/bin/python: No such file or directory
-bash: /home/sherif/bottele/.venv/bin/python: No such file or directory
-bash: /home/sherif/bottele/.venv/bin/python: No such file or directory
Scrapy 2.14.0 - no active project

The crawl command is not available from this location.
These commands are only available from within a project: check, crawl, edit, list, parse.

Use "scrapy" to see available commands
2026-01-06 09:17:46 [scrapy.utils.log] INFO: Scrapy 2.14.0 started (bot: my_scraper)
2026-01-06 09:17:46 [scrapy.utils.log] INFO: Versions:
{'lxml': '6.0.2',
 'libxml2': '2.14.6',
 'cssselect': '1.3.0',
 'parsel': '1.10.0',
 'w3lib': '2.3.1',
 'Twisted': '25.5.0',
 'Python': '3.11.2 (main, Apr 28 2025, 14:11:48) [GCC 12.2.0]',
 'pyOpenSSL': '25.3.0 (OpenSSL 3.5.4 30 Sep 2025)',
 'cryptography': '46.0.3',
 'Platform': 'Linux-6.1.0-32-amd64-x86_64-with-glibc2.36'}
2026-01-06 09:17:46 [scrapy.crawler] DEBUG: Using AsyncCrawlerProcess
2026-01-06 09:17:46 [asyncio] DEBUG: Using selector: EpollSelector
2026-01-06 09:17:46 [scrapy.addons] INFO: Enabled addons:
[]
2026-01-06 09:17:46 [scrapy.utils.log] DEBUG: Using reactor: twisted.internet.asyncioreactor.AsyncioSelectorReactor
2026-01-06 09:17:46 [scrapy.utils.log] DEBUG: Using asyncio event loop: asyncio.unix_events._UnixSelectorEventLoop
2026-01-06 09:17:46 [scrapy.extensions.telnet] INFO: Telnet Password: ebe84bddf278ece1
2026-01-06 09:17:46 [scrapy.middleware] INFO: Enabled extensions:
['scrapy.extensions.corestats.CoreStats',
 'scrapy.extensions.logcount.LogCount',
 'scrapy.extensions.telnet.TelnetConsole',
 'scrapy.extensions.memusage.MemoryUsage',
 'scrapy.extensions.feedexport.FeedExporter',
 'scrapy.extensions.logstats.LogStats']
2026-01-06 09:17:46 [scrapy.crawler] INFO: Overridden settings:
{'BOT_NAME': 'my_scraper',
 'CONCURRENT_REQUESTS_PER_DOMAIN': 1,
 'DOWNLOAD_DELAY': 0.5,
 'FEED_EXPORT_ENCODING': 'utf-8',
 'NEWSPIDER_MODULE': 'my_scraper.spiders',
 'ROBOTSTXT_OBEY': True,
 'SPIDER_MODULES': ['my_scraper.spiders'],
 'USER_AGENT': 'Mozilla/5.0 (compatible; PrayerTimesBot/1.0)'}
2026-01-06 09:17:47 [scrapy.middleware] INFO: Enabled downloader middlewares:
['scrapy.downloadermiddlewares.offsite.OffsiteMiddleware',
 'scrapy.downloadermiddlewares.robotstxt.RobotsTxtMiddleware',
 'scrapy.downloadermiddlewares.httpauth.HttpAuthMiddleware',
 'scrapy.downloadermiddlewares.downloadtimeout.DownloadTimeoutMiddleware',
 'scrapy.downloadermiddlewares.defaultheaders.DefaultHeadersMiddleware',
 'scrapy.downloadermiddlewares.useragent.UserAgentMiddleware',
 'scrapy.downloadermiddlewares.retry.RetryMiddleware',
 'scrapy.downloadermiddlewares.redirect.MetaRefreshMiddleware',
 'scrapy.downloadermiddlewares.httpcompression.HttpCompressionMiddleware',
 'scrapy.downloadermiddlewares.redirect.RedirectMiddleware',
 'scrapy.downloadermiddlewares.cookies.CookiesMiddleware',
 'scrapy.downloadermiddlewares.httpproxy.HttpProxyMiddleware',
 'scrapy.downloadermiddlewares.stats.DownloaderStats']
2026-01-06 09:17:47 [scrapy.middleware] INFO: Enabled spider middlewares:
['scrapy.spidermiddlewares.start.StartSpiderMiddleware',
 'scrapy.spidermiddlewares.httperror.HttpErrorMiddleware',
 'scrapy.spidermiddlewares.referer.RefererMiddleware',
 'scrapy.spidermiddlewares.urllength.UrlLengthMiddleware',
 'scrapy.spidermiddlewares.depth.DepthMiddleware']
2026-01-06 09:17:47 [scrapy.middleware] INFO: Enabled item pipelines:
[]
2026-01-06 09:17:47 [scrapy.core.engine] INFO: Spider opened
2026-01-06 09:17:47 [scrapy.extensions.logstats] INFO: Crawled 0 pages (at 0 pages/min), scraped 0 items (at 0 items/min)
2026-01-06 09:17:47 [scrapy.extensions.telnet] INFO: Telnet console listening on 127.0.0.1:6023
2026-01-06 09:17:47 [scrapy.core.engine] DEBUG: Crawled (200) <GET https://mihrab.ru/robots.txt> (referer: None)
2026-01-06 09:17:48 [scrapy.core.engine] DEBUG: Crawled (200) <GET https://mihrab.ru> (referer: None)
2026-01-06 09:17:48 [scrapy.core.scraper] DEBUG: Scraped from <200 https://mihrab.ru>
{'date': '2026-01-06', 'scraped_at': '2026-01-06T09:17:48.170928Z', 'source_url': 'https://mihrab.ru', 'prayers': {'Фаджр': '06:38', 'Шурук': '08:52', 'Зухр': '12:40', 'Аср': '13:59', 'Магриб': '16:19', 'Иша': '18:11'}}
2026-01-06 09:17:48 [scrapy.core.engine] INFO: Closing spider (finished)
2026-01-06 09:17:48 [scrapy.extensions.feedexport] INFO: Stored json feed (1 items) in: /home/sherif/bottele/data/latest.json
2026-01-06 09:17:48 [scrapy.statscollectors] INFO: Dumping Scrapy stats:
{'downloader/request_bytes': 448,
 'downloader/request_count': 2,
 'downloader/request_method_count/GET': 2,
 'downloader/response_bytes': 11155,
 'downloader/response_count': 2,
 'downloader/response_status_count/200': 2,
 'elapsed_time_seconds': 1.051412,
 'feedexport/success_count/FileFeedStorage': 1,
 'finish_reason': 'finished',
 'finish_time': datetime.datetime(2026, 1, 6, 9, 17, 48, 222633, tzinfo=datetime.timezone.utc),
 'httpcompression/response_bytes': 54224,
 'httpcompression/response_count': 1,
 'item_scraped_count': 1,
 'items_per_minute': 60.0,
 'log_count/DEBUG': 3,
 'log_count/INFO': 3,
 'memusage/max': 51929088,
 'memusage/startup': 51929088,
 'response_received_count': 2,
 'responses_per_minute': 120.0,
 'robotstxt/request_count': 1,
 'robotstxt/response_count': 1,
 'robotstxt/response_status_count/200': 1,
 'scheduler/dequeued': 1,
 'scheduler/dequeued/memory': 1,
 'scheduler/enqueued': 1,
 'scheduler/enqueued/memory': 1,
 'start_time': datetime.datetime(2026, 1, 6, 9, 17, 47, 171221, tzinfo=datetime.timezone.utc)}
2026-01-06 09:17:48 [scrapy.core.engine] INFO: Spider closed (finished)
2026-01-06 09:28:29 [scrapy.utils.log] INFO: Scrapy 2.14.0 started (bot: my_scraper)
2026-01-06 09:28:29 [scrapy.utils.log] INFO: Versions:
{'lxml': '6.0.2',
 'libxml2': '2.14.6',
 'cssselect': '1.3.0',
 'parsel': '1.10.0',
 'w3lib': '2.3.1',
 'Twisted': '25.5.0',
 'Python': '3.11.2 (main, Apr 28 2025, 14:11:48) [GCC 12.2.0]',
 'pyOpenSSL': '25.3.0 (OpenSSL 3.5.4 30 Sep 2025)',
 'cryptography': '46.0.3',
 'Platform': 'Linux-6.1.0-32-amd64-x86_64-with-glibc2.36'}
2026-01-06 09:28:29 [scrapy.crawler] DEBUG: Using AsyncCrawlerProcess
2026-01-06 09:28:29 [asyncio] DEBUG: Using selector: EpollSelector
2026-01-06 09:28:29 [scrapy.addons] INFO: Enabled addons:
[]
2026-01-06 09:28:29 [scrapy.utils.log] DEBUG: Using reactor: twisted.internet.asyncioreactor.AsyncioSelectorReactor
2026-01-06 09:28:29 [scrapy.utils.log] DEBUG: Using asyncio event loop: asyncio.unix_events._UnixSelectorEventLoop
2026-01-06 09:28:29 [scrapy.extensions.telnet] INFO: Telnet Password: 4d73e68484afda69
2026-01-06 09:28:29 [scrapy.middleware] INFO: Enabled extensions:
['scrapy.extensions.corestats.CoreStats',
 'scrapy.extensions.logcount.LogCount',
 'scrapy.extensions.telnet.TelnetConsole',
 'scrapy.extensions.memusage.MemoryUsage',
 'scrapy.extensions.feedexport.FeedExporter',
 'scrapy.extensions.logstats.LogStats']
2026-01-06 09:28:29 [scrapy.crawler] INFO: Overridden settings:
{'BOT_NAME': 'my_scraper',
 'CONCURRENT_REQUESTS_PER_DOMAIN': 1,
 'DOWNLOAD_DELAY': 0.5,
 'FEED_EXPORT_ENCODING': 'utf-8',
 'NEWSPIDER_MODULE': 'my_scraper.spiders',
 'ROBOTSTXT_OBEY': True,
 'SPIDER_MODULES': ['my_scraper.spiders'],
 'USER_AGENT': 'Mozilla/5.0 (compatible; PrayerTimesBot/1.0)'}
2026-01-06 09:28:29 [scrapy.middleware] INFO: Enabled downloader middlewares:
['scrapy.downloadermiddlewares.offsite.OffsiteMiddleware',
 'scrapy.downloadermiddlewares.robotstxt.RobotsTxtMiddleware',
 'scrapy.downloadermiddlewares.httpauth.HttpAuthMiddleware',
 'scrapy.downloadermiddlewares.downloadtimeout.DownloadTimeoutMiddleware',
 'scrapy.downloadermiddlewares.defaultheaders.DefaultHeadersMiddleware',
 'scrapy.downloadermiddlewares.useragent.UserAgentMiddleware',
 'scrapy.downloadermiddlewares.retry.RetryMiddleware',
 'scrapy.downloadermiddlewares.redirect.MetaRefreshMiddleware',
 'scrapy.downloadermiddlewares.httpcompression.HttpCompressionMiddleware',
 'scrapy.downloadermiddlewares.redirect.RedirectMiddleware',
 'scrapy.downloadermiddlewares.cookies.CookiesMiddleware',
 'scrapy.downloadermiddlewares.httpproxy.HttpProxyMiddleware',
 'scrapy.downloadermiddlewares.stats.DownloaderStats']
2026-01-06 09:28:29 [scrapy.middleware] INFO: Enabled spider middlewares:
['scrapy.spidermiddlewares.start.StartSpiderMiddleware',
 'scrapy.spidermiddlewares.httperror.HttpErrorMiddleware',
 'scrapy.spidermiddlewares.referer.RefererMiddleware',
 'scrapy.spidermiddlewares.urllength.UrlLengthMiddleware',
 'scrapy.spidermiddlewares.depth.DepthMiddleware']
2026-01-06 09:28:29 [scrapy.middleware] INFO: Enabled item pipelines:
[]
2026-01-06 09:28:29 [scrapy.core.engine] INFO: Spider opened
2026-01-06 09:28:29 [scrapy.extensions.logstats] INFO: Crawled 0 pages (at 0 pages/min), scraped 0 items (at 0 items/min)
2026-01-06 09:28:29 [scrapy.extensions.telnet] INFO: Telnet console listening on 127.0.0.1:6023
2026-01-06 09:28:29 [scrapy.core.engine] DEBUG: Crawled (200) <GET https://mihrab.ru/robots.txt> (referer: None)
2026-01-06 09:28:30 [scrapy.core.engine] DEBUG: Crawled (200) <GET https://mihrab.ru> (referer: None)
2026-01-06 09:28:30 [scrapy.core.scraper] DEBUG: Scraped from <200 https://mihrab.ru>
{'date': '2026-01-06', 'scraped_at': '2026-01-06T09:28:30.773325Z', 'source_url': 'https://mihrab.ru', 'prayers': {'Фаджр': '06:38', 'Шурук': '08:52', 'Зухр': '12:40', 'Аср': '13:59', 'Магриб': '16:19', 'Иша': '18:11'}}
2026-01-06 09:28:30 [scrapy.core.engine] INFO: Closing spider (finished)
2026-01-06 09:28:30 [scrapy.extensions.feedexport] INFO: Stored json feed (1 items) in: /home/sherif/bottele/data/latest.json
2026-01-06 09:28:30 [scrapy.statscollectors] INFO: Dumping Scrapy stats:
{'downloader/request_bytes': 448,
 'downloader/request_count': 2,
 'downloader/request_method_count/GET': 2,
 'downloader/response_bytes': 11121,
 'downloader/response_count': 2,
 'downloader/response_status_count/200': 2,
 'elapsed_time_seconds': 1.080492,
 'feedexport/success_count/FileFeedStorage': 1,
 'finish_reason': 'finished',
 'finish_time': datetime.datetime(2026, 1, 6, 9, 28, 30, 779765, tzinfo=datetime.timezone.utc),
 'httpcompression/response_bytes': 54204,
 'httpcompression/response_count': 1,
 'item_scraped_count': 1,
 'items_per_minute': 60.0,
 'log_count/DEBUG': 3,
 'log_count/INFO': 3,
 'memusage/max': 54775808,
 'memusage/startup': 54775808,
 'response_received_count': 2,
 'responses_per_minute': 120.0,
 'robotstxt/request_count': 1,
 'robotstxt/response_count': 1,
 'robotstxt/response_status_count/200': 1,
 'scheduler/dequeued': 1,
 'scheduler/dequeued/memory': 1,
 'scheduler/enqueued': 1,
 'scheduler/enqueued/memory': 1,
 'start_time': datetime.datetime(2026, 1, 6, 9, 28, 29, 699273, tzinfo=datetime.timezone.utc)}
2026-01-06 09:28:30 [scrapy.core.engine] INFO: Spider closed (finished)
2026-01-07 01:01:22 [scrapy.utils.log] INFO: Scrapy 2.14.0 started (bot: my_scraper)
2026-01-07 01:01:22 [scrapy.utils.log] INFO: Versions:
{'lxml': '6.0.2',
 'libxml2': '2.14.6',
 'cssselect': '1.3.0',
 'parsel': '1.10.0',
 'w3lib': '2.3.1',
 'Twisted': '25.5.0',
 'Python': '3.11.2 (main, Apr 28 2025, 14:11:48) [GCC 12.2.0]',
 'pyOpenSSL': '25.3.0 (OpenSSL 3.5.4 30 Sep 2025)',
 'cryptography': '46.0.3',
 'Platform': 'Linux-6.1.0-32-amd64-x86_64-with-glibc2.36'}
2026-01-07 01:01:22 [scrapy.crawler] DEBUG: Using AsyncCrawlerProcess
2026-01-07 01:01:22 [asyncio] DEBUG: Using selector: EpollSelector
2026-01-07 01:01:22 [scrapy.addons] INFO: Enabled addons:
[]
2026-01-07 01:01:22 [scrapy.utils.log] DEBUG: Using reactor: twisted.internet.asyncioreactor.AsyncioSelectorReactor
2026-01-07 01:01:22 [scrapy.utils.log] DEBUG: Using asyncio event loop: asyncio.unix_events._UnixSelectorEventLoop
2026-01-07 01:01:22 [scrapy.extensions.telnet] INFO: Telnet Password: 4d5055086b66033c
2026-01-07 01:01:22 [scrapy.middleware] INFO: Enabled extensions:
['scrapy.extensions.corestats.CoreStats',
 'scrapy.extensions.logcount.LogCount',
 'scrapy.extensions.telnet.TelnetConsole',
 'scrapy.extensions.memusage.MemoryUsage',
 'scrapy.extensions.feedexport.FeedExporter',
 'scrapy.extensions.logstats.LogStats']
2026-01-07 01:01:22 [scrapy.crawler] INFO: Overridden settings:
{'BOT_NAME': 'my_scraper',
 'CONCURRENT_REQUESTS_PER_DOMAIN': 1,
 'DOWNLOAD_DELAY': 0.5,
 'FEED_EXPORT_ENCODING': 'utf-8',
 'NEWSPIDER_MODULE': 'my_scraper.spiders',
 'ROBOTSTXT_OBEY': True,
 'SPIDER_MODULES': ['my_scraper.spiders'],
 'USER_AGENT': 'Mozilla/5.0 (compatible; PrayerTimesBot/1.0)'}
2026-01-07 01:01:22 [scrapy.middleware] INFO: Enabled downloader middlewares:
['scrapy.downloadermiddlewares.offsite.OffsiteMiddleware',
 'scrapy.downloadermiddlewares.robotstxt.RobotsTxtMiddleware',
 'scrapy.downloadermiddlewares.httpauth.HttpAuthMiddleware',
 'scrapy.downloadermiddlewares.downloadtimeout.DownloadTimeoutMiddleware',
 'scrapy.downloadermiddlewares.defaultheaders.DefaultHeadersMiddleware',
 'scrapy.downloadermiddlewares.useragent.UserAgentMiddleware',
 'scrapy.downloadermiddlewares.retry.RetryMiddleware',
 'scrapy.downloadermiddlewares.redirect.MetaRefreshMiddleware',
 'scrapy.downloadermiddlewares.httpcompression.HttpCompressionMiddleware',
 'scrapy.downloadermiddlewares.redirect.RedirectMiddleware',
 'scrapy.downloadermiddlewares.cookies.CookiesMiddleware',
 'scrapy.downloadermiddlewares.httpproxy.HttpProxyMiddleware',
 'scrapy.downloadermiddlewares.stats.DownloaderStats']
2026-01-07 01:01:22 [scrapy.middleware] INFO: Enabled spider middlewares:
['scrapy.spidermiddlewares.start.StartSpiderMiddleware',
 'scrapy.spidermiddlewares.httperror.HttpErrorMiddleware',
 'scrapy.spidermiddlewares.referer.RefererMiddleware',
 'scrapy.spidermiddlewares.urllength.UrlLengthMiddleware',
 'scrapy.spidermiddlewares.depth.DepthMiddleware']
2026-01-07 01:01:22 [scrapy.middleware] INFO: Enabled item pipelines:
[]
2026-01-07 01:01:22 [scrapy.core.engine] INFO: Spider opened
2026-01-07 01:01:22 [scrapy.extensions.logstats] INFO: Crawled 0 pages (at 0 pages/min), scraped 0 items (at 0 items/min)
2026-01-07 01:01:22 [scrapy.extensions.telnet] INFO: Telnet console listening on 127.0.0.1:6023
2026-01-07 01:01:23 [scrapy.core.engine] DEBUG: Crawled (200) <GET https://mihrab.ru/robots.txt> (referer: None)
2026-01-07 01:01:23 [scrapy.core.engine] DEBUG: Crawled (200) <GET https://mihrab.ru> (referer: None)
2026-01-07 01:01:23 [scrapy.core.scraper] DEBUG: Scraped from <200 https://mihrab.ru>
{'date': '2026-01-07', 'scraped_at': '2026-01-06T22:01:23.887786Z', 'source_url': 'https://mihrab.ru', 'prayers': {'Фаджр': '06:38', 'Шурук': '08:51', 'Зухр': '12:41', 'Аср': '14:00', 'Магриб': '16:21', 'Иша': '18:12'}}
2026-01-07 01:01:23 [scrapy.core.engine] INFO: Closing spider (finished)
2026-01-07 01:01:23 [scrapy.extensions.feedexport] INFO: Stored json feed (1 items) in: /home/sherif/bottele/data/latest.json
2026-01-07 01:01:23 [scrapy.statscollectors] INFO: Dumping Scrapy stats:
{'downloader/request_bytes': 448,
 'downloader/request_count': 2,
 'downloader/request_method_count/GET': 2,
 'downloader/response_bytes': 11078,
 'downloader/response_count': 2,
 'downloader/response_status_count/200': 2,
 'elapsed_time_seconds': 1.028763,
 'feedexport/success_count/FileFeedStorage': 1,
 'finish_reason': 'finished',
 'finish_time': datetime.datetime(2026, 1, 6, 22, 1, 23, 890163, tzinfo=datetime.timezone.utc),
 'httpcompression/response_bytes': 54048,
 'httpcompression/response_count': 1,
 'item_scraped_count': 1,
 'items_per_minute': 60.0,
 'log_count/DEBUG': 3,
 'log_count/INFO': 3,
 'memusage/max': 67514368,
 'memusage/startup': 67514368,
 'response_received_count': 2,
 'responses_per_minute': 120.0,
 'robotstxt/request_count': 1,
 'robotstxt/response_count': 1,
 'robotstxt/response_status_count/200': 1,
 'scheduler/dequeued': 1,
 'scheduler/dequeued/memory': 1,
 'scheduler/enqueued': 1,
 'scheduler/enqueued/memory': 1,
 'start_time': datetime.datetime(2026, 1, 6, 22, 1, 22, 861400, tzinfo=datetime.timezone.utc)}
2026-01-07 01:01:23 [scrapy.core.engine] INFO: Spider closed (finished)
2026-01-08 00:35:02 [scrapy.utils.log] INFO: Scrapy 2.14.0 started (bot: my_scraper)
2026-01-08 00:35:02 [scrapy.utils.log] INFO: Versions:
{'lxml': '6.0.2',
 'libxml2': '2.14.6',
 'cssselect': '1.3.0',
 'parsel': '1.10.0',
 'w3lib': '2.3.1',
 'Twisted': '25.5.0',
 'Python': '3.11.2 (main, Apr 28 2025, 14:11:48) [GCC 12.2.0]',
 'pyOpenSSL': '25.3.0 (OpenSSL 3.5.4 30 Sep 2025)',
 'cryptography': '46.0.3',
 'Platform': 'Linux-6.1.0-32-amd64-x86_64-with-glibc2.36'}
2026-01-08 00:35:02 [scrapy.crawler] DEBUG: Using AsyncCrawlerProcess
2026-01-08 00:35:02 [asyncio] DEBUG: Using selector: EpollSelector
2026-01-08 00:35:02 [scrapy.addons] INFO: Enabled addons:
[]
2026-01-08 00:35:02 [scrapy.utils.log] DEBUG: Using reactor: twisted.internet.asyncioreactor.AsyncioSelectorReactor
2026-01-08 00:35:02 [scrapy.utils.log] DEBUG: Using asyncio event loop: asyncio.unix_events._UnixSelectorEventLoop
2026-01-08 00:35:02 [scrapy.extensions.telnet] INFO: Telnet Password: 507458496926ccd5
2026-01-08 00:35:02 [scrapy.middleware] INFO: Enabled extensions:
['scrapy.extensions.corestats.CoreStats',
 'scrapy.extensions.logcount.LogCount',
 'scrapy.extensions.telnet.TelnetConsole',
 'scrapy.extensions.memusage.MemoryUsage',
 'scrapy.extensions.feedexport.FeedExporter',
 'scrapy.extensions.logstats.LogStats']
2026-01-08 00:35:02 [scrapy.crawler] INFO: Overridden settings:
{'BOT_NAME': 'my_scraper',
 'CONCURRENT_REQUESTS_PER_DOMAIN': 1,
 'DOWNLOAD_DELAY': 0.5,
 'FEED_EXPORT_ENCODING': 'utf-8',
 'NEWSPIDER_MODULE': 'my_scraper.spiders',
 'ROBOTSTXT_OBEY': True,
 'SPIDER_MODULES': ['my_scraper.spiders'],
 'USER_AGENT': 'Mozilla/5.0 (compatible; PrayerTimesBot/1.0)'}
2026-01-08 00:35:02 [scrapy.middleware] INFO: Enabled downloader middlewares:
['scrapy.downloadermiddlewares.offsite.OffsiteMiddleware',
 'scrapy.downloadermiddlewares.robotstxt.RobotsTxtMiddleware',
 'scrapy.downloadermiddlewares.httpauth.HttpAuthMiddleware',
 'scrapy.downloadermiddlewares.downloadtimeout.DownloadTimeoutMiddleware',
 'scrapy.downloadermiddlewares.defaultheaders.DefaultHeadersMiddleware',
 'scrapy.downloadermiddlewares.useragent.UserAgentMiddleware',
 'scrapy.downloadermiddlewares.retry.RetryMiddleware',
 'scrapy.downloadermiddlewares.redirect.MetaRefreshMiddleware',
 'scrapy.downloadermiddlewares.httpcompression.HttpCompressionMiddleware',
 'scrapy.downloadermiddlewares.redirect.RedirectMiddleware',
 'scrapy.downloadermiddlewares.cookies.CookiesMiddleware',
 'scrapy.downloadermiddlewares.httpproxy.HttpProxyMiddleware',
 'scrapy.downloadermiddlewares.stats.DownloaderStats']
2026-01-08 00:35:02 [scrapy.middleware] INFO: Enabled spider middlewares:
['scrapy.spidermiddlewares.start.StartSpiderMiddleware',
 'scrapy.spidermiddlewares.httperror.HttpErrorMiddleware',
 'scrapy.spidermiddlewares.referer.RefererMiddleware',
 'scrapy.spidermiddlewares.urllength.UrlLengthMiddleware',
 'scrapy.spidermiddlewares.depth.DepthMiddleware']
2026-01-08 00:35:02 [scrapy.middleware] INFO: Enabled item pipelines:
[]
2026-01-08 00:35:02 [scrapy.core.engine] INFO: Spider opened
2026-01-08 00:35:02 [scrapy.extensions.logstats] INFO: Crawled 0 pages (at 0 pages/min), scraped 0 items (at 0 items/min)
2026-01-08 00:35:02 [scrapy.extensions.telnet] INFO: Telnet console listening on 127.0.0.1:6023
2026-01-08 00:35:03 [scrapy.core.engine] DEBUG: Crawled (200) <GET https://mihrab.ru/robots.txt> (referer: None)
2026-01-08 00:35:03 [scrapy.core.engine] DEBUG: Crawled (200) <GET https://mihrab.ru> (referer: None)
2026-01-08 00:35:03 [scrapy.core.scraper] DEBUG: Scraped from <200 https://mihrab.ru>
{'date': '2026-01-08', 'scraped_at': '2026-01-07T21:35:03.728833Z', 'source_url': 'https://mihrab.ru', 'prayers': {'Фаджр': '06:38', 'Шурук': '08:51', 'Зухр': '12:41', 'Аср': '14:02', 'Магриб': '16:22', 'Иша': '18:13'}}
2026-01-08 00:35:03 [scrapy.core.engine] INFO: Closing spider (finished)
2026-01-08 00:35:03 [scrapy.extensions.feedexport] INFO: Stored json feed (1 items) in: /home/sherif/bottele/data/latest.json
2026-01-08 00:35:03 [scrapy.statscollectors] INFO: Dumping Scrapy stats:
{'downloader/request_bytes': 448,
 'downloader/request_count': 2,
 'downloader/request_method_count/GET': 2,
 'downloader/response_bytes': 10998,
 'downloader/response_count': 2,
 'downloader/response_status_count/200': 2,
 'elapsed_time_seconds': 0.908624,
 'feedexport/success_count/FileFeedStorage': 1,
 'finish_reason': 'finished',
 'finish_time': datetime.datetime(2026, 1, 7, 21, 35, 3, 731063, tzinfo=datetime.timezone.utc),
 'httpcompression/response_bytes': 53927,
 'httpcompression/response_count': 1,
 'item_scraped_count': 1,
 'items_per_minute': None,
 'log_count/DEBUG': 3,
 'log_count/INFO': 3,
 'memusage/max': 67133440,
 'memusage/startup': 67133440,
 'response_received_count': 2,
 'responses_per_minute': None,
 'robotstxt/request_count': 1,
 'robotstxt/response_count': 1,
 'robotstxt/response_status_count/200': 1,
 'scheduler/dequeued': 1,
 'scheduler/dequeued/memory': 1,
 'scheduler/enqueued': 1,
 'scheduler/enqueued/memory': 1,
 'start_time': datetime.datetime(2026, 1, 7, 21, 35, 2, 822439, tzinfo=datetime.timezone.utc)}
2026-01-08 00:35:03 [scrapy.core.engine] INFO: Spider closed (finished)
2026-01-09 00:35:02 [scrapy.utils.log] INFO: Scrapy 2.14.0 started (bot: my_scraper)
2026-01-09 00:35:02 [scrapy.utils.log] INFO: Versions:
{'lxml': '6.0.2',
 'libxml2': '2.14.6',
 'cssselect': '1.3.0',
 'parsel': '1.10.0',
 'w3lib': '2.3.1',
 'Twisted': '25.5.0',
 'Python': '3.11.2 (main, Apr 28 2025, 14:11:48) [GCC 12.2.0]',
 'pyOpenSSL': '25.3.0 (OpenSSL 3.5.4 30 Sep 2025)',
 'cryptography': '46.0.3',
 'Platform': 'Linux-6.1.0-32-amd64-x86_64-with-glibc2.36'}
2026-01-09 00:35:02 [scrapy.crawler] DEBUG: Using AsyncCrawlerProcess
2026-01-09 00:35:02 [asyncio] DEBUG: Using selector: EpollSelector
2026-01-09 00:35:02 [scrapy.addons] INFO: Enabled addons:
[]
2026-01-09 00:35:02 [scrapy.utils.log] DEBUG: Using reactor: twisted.internet.asyncioreactor.AsyncioSelectorReactor
2026-01-09 00:35:02 [scrapy.utils.log] DEBUG: Using asyncio event loop: asyncio.unix_events._UnixSelectorEventLoop
2026-01-09 00:35:02 [scrapy.extensions.telnet] INFO: Telnet Password: 65d3a265932909f2
2026-01-09 00:35:02 [scrapy.middleware] INFO: Enabled extensions:
['scrapy.extensions.corestats.CoreStats',
 'scrapy.extensions.logcount.LogCount',
 'scrapy.extensions.telnet.TelnetConsole',
 'scrapy.extensions.memusage.MemoryUsage',
 'scrapy.extensions.feedexport.FeedExporter',
 'scrapy.extensions.logstats.LogStats']
2026-01-09 00:35:02 [scrapy.crawler] INFO: Overridden settings:
{'BOT_NAME': 'my_scraper',
 'CONCURRENT_REQUESTS_PER_DOMAIN': 1,
 'DOWNLOAD_DELAY': 0.5,
 'FEED_EXPORT_ENCODING': 'utf-8',
 'NEWSPIDER_MODULE': 'my_scraper.spiders',
 'ROBOTSTXT_OBEY': True,
 'SPIDER_MODULES': ['my_scraper.spiders'],
 'USER_AGENT': 'Mozilla/5.0 (compatible; PrayerTimesBot/1.0)'}
2026-01-09 00:35:02 [scrapy.middleware] INFO: Enabled downloader middlewares:
['scrapy.downloadermiddlewares.offsite.OffsiteMiddleware',
 'scrapy.downloadermiddlewares.robotstxt.RobotsTxtMiddleware',
 'scrapy.downloadermiddlewares.httpauth.HttpAuthMiddleware',
 'scrapy.downloadermiddlewares.downloadtimeout.DownloadTimeoutMiddleware',
 'scrapy.downloadermiddlewares.defaultheaders.DefaultHeadersMiddleware',
 'scrapy.downloadermiddlewares.useragent.UserAgentMiddleware',
 'scrapy.downloadermiddlewares.retry.RetryMiddleware',
 'scrapy.downloadermiddlewares.redirect.MetaRefreshMiddleware',
 'scrapy.downloadermiddlewares.httpcompression.HttpCompressionMiddleware',
 'scrapy.downloadermiddlewares.redirect.RedirectMiddleware',
 'scrapy.downloadermiddlewares.cookies.CookiesMiddleware',
 'scrapy.downloadermiddlewares.httpproxy.HttpProxyMiddleware',
 'scrapy.downloadermiddlewares.stats.DownloaderStats']
2026-01-09 00:35:02 [scrapy.middleware] INFO: Enabled spider middlewares:
['scrapy.spidermiddlewares.start.StartSpiderMiddleware',
 'scrapy.spidermiddlewares.httperror.HttpErrorMiddleware',
 'scrapy.spidermiddlewares.referer.RefererMiddleware',
 'scrapy.spidermiddlewares.urllength.UrlLengthMiddleware',
 'scrapy.spidermiddlewares.depth.DepthMiddleware']
2026-01-09 00:35:02 [scrapy.middleware] INFO: Enabled item pipelines:
[]
2026-01-09 00:35:02 [scrapy.core.engine] INFO: Spider opened
2026-01-09 00:35:02 [scrapy.extensions.logstats] INFO: Crawled 0 pages (at 0 pages/min), scraped 0 items (at 0 items/min)
2026-01-09 00:35:02 [scrapy.extensions.telnet] INFO: Telnet console listening on 127.0.0.1:6023
2026-01-09 00:35:02 [scrapy.core.engine] DEBUG: Crawled (200) <GET https://mihrab.ru/robots.txt> (referer: None)
2026-01-09 00:35:03 [scrapy.core.engine] DEBUG: Crawled (200) <GET https://mihrab.ru> (referer: None)
2026-01-09 00:35:03 [scrapy.core.scraper] DEBUG: Scraped from <200 https://mihrab.ru>
{'date': '2026-01-09', 'scraped_at': '2026-01-08T21:35:03.665825Z', 'source_url': 'https://mihrab.ru', 'prayers': {'Фаджр': '06:37', 'Шурук': '08:50', 'Зухр': '12:42', 'Аср': '14:03', 'Магриб': '16:24', 'Иша': '18:14'}}
2026-01-09 00:35:03 [scrapy.core.engine] INFO: Closing spider (finished)
2026-01-09 00:35:03 [scrapy.extensions.feedexport] INFO: Stored json feed (1 items) in: /home/sherif/bottele/data/latest.json
2026-01-09 00:35:03 [scrapy.statscollectors] INFO: Dumping Scrapy stats:
{'downloader/request_bytes': 448,
 'downloader/request_count': 2,
 'downloader/request_method_count/GET': 2,
 'downloader/response_bytes': 11257,
 'downloader/response_count': 2,
 'downloader/response_status_count/200': 2,
 'elapsed_time_seconds': 1.072504,
 'feedexport/success_count/FileFeedStorage': 1,
 'finish_reason': 'finished',
 'finish_time': datetime.datetime(2026, 1, 8, 21, 35, 3, 667898, tzinfo=datetime.timezone.utc),
 'httpcompression/response_bytes': 54485,
 'httpcompression/response_count': 1,
 'item_scraped_count': 1,
 'items_per_minute': 60.0,
 'log_count/DEBUG': 3,
 'log_count/INFO': 3,
 'memusage/max': 67309568,
 'memusage/startup': 67309568,
 'response_received_count': 2,
 'responses_per_minute': 120.0,
 'robotstxt/request_count': 1,
 'robotstxt/response_count': 1,
 'robotstxt/response_status_count/200': 1,
 'scheduler/dequeued': 1,
 'scheduler/dequeued/memory': 1,
 'scheduler/enqueued': 1,
 'scheduler/enqueued/memory': 1,
 'start_time': datetime.datetime(2026, 1, 8, 21, 35, 2, 595394, tzinfo=datetime.timezone.utc)}
2026-01-09 00:35:03 [scrapy.core.engine] INFO: Spider closed (finished)
